android_demo/app/build/intermediates/manifest_merge_blame_file/debug/manifest-merger-blame-debug-report.txt
1<?xml version="1.0" encoding="utf-8"?>
2<manifest xmlns:android="http://schemas.android.com/apk/res/android"
3    package="com.baidu.paddledetection.detection"
4    android:versionCode="1"
5    android:versionName="1.0" >
6
7    <uses-sdk
8        android:minSdkVersion="23"
8-->src/main/AndroidManifest.xml
9        android:targetSdkVersion="30" />
9-->src/main/AndroidManifest.xml
10
11    <uses-permission android:name="android.permission.WRITE_EXTERNAL_STORAGE" />
11-->src/main/AndroidManifest.xml:5:5-80
11-->src/main/AndroidManifest.xml:5:22-78
12    <uses-permission android:name="android.permission.READ_EXTERNAL_STORAGE" />
12-->src/main/AndroidManifest.xml:6:5-79
12-->src/main/AndroidManifest.xml:6:22-77
13    <uses-permission android:name="android.permission.CAMERA" />
13-->src/main/AndroidManifest.xml:7:5-64
13-->src/main/AndroidManifest.xml:7:22-62
14
15    <uses-feature android:name="android.hardware.camera" />
15-->src/main/AndroidManifest.xml:8:5-60
15-->src/main/AndroidManifest.xml:8:19-57
16    <uses-feature android:name="android.hardware.camera.autofocus" />
16-->src/main/AndroidManifest.xml:9:5-70
16-->src/main/AndroidManifest.xml:9:19-67
17
18    <application
18-->src/main/AndroidManifest.xml:11:5-32:19
19        android:allowBackup="true"
19-->src/main/AndroidManifest.xml:12:13-39
20        android:appComponentFactory="androidx.core.app.CoreComponentFactory"
20-->[androidx.core:core:1.1.0] AndroidManifest.xml:24:18-86
21        android:debuggable="true"
22        android:extractNativeLibs="false"
23        android:icon="@mipmap/ic_launcher"
23-->src/main/AndroidManifest.xml:13:13-47
24        android:label="@string/app_name"
24-->src/main/AndroidManifest.xml:14:13-45
25        android:roundIcon="@mipmap/ic_launcher_round"
25-->src/main/AndroidManifest.xml:15:13-58
26        android:supportsRtl="true"
26-->src/main/AndroidManifest.xml:16:13-39
27        android:theme="@style/AppTheme" >
27-->src/main/AndroidManifest.xml:17:13-44
28        <activity
28-->src/main/AndroidManifest.xml:18:9-27:20
29            android:name="com.baidu.paddledetection.detection.MainActivity"
29-->src/main/AndroidManifest.xml:19:13-76
30            android:label="@string/app_name"
30-->src/main/AndroidManifest.xml:20:13-45
31            android:theme="@style/AppTheme.NoActionBar" >
31-->src/main/AndroidManifest.xml:21:13-56
32            <intent-filter>
32-->src/main/AndroidManifest.xml:22:13-26:29
33                <action android:name="android.intent.action.MAIN" />
33-->src/main/AndroidManifest.xml:23:17-68
33-->src/main/AndroidManifest.xml:23:25-66
34
35                <category android:name="android.intent.category.LAUNCHER" />
35-->src/main/AndroidManifest.xml:25:17-76
35-->src/main/AndroidManifest.xml:25:27-74
36            </intent-filter>
37        </activity>
38        <activity
38-->src/main/AndroidManifest.xml:28:9-31:20
39            android:name="com.baidu.paddledetection.detection.SettingsActivity"
39-->src/main/AndroidManifest.xml:29:17-84
40            android:label="Settings" >
40-->src/main/AndroidManifest.xml:30:17-41
41        </activity>
42    </application>
43
44</manifest>